Copyright 1986-2022 Xilinx, Inc. All Rights Reserved. Copyright 2022-2025 Advanced Micro Devices, Inc. All Rights Reserved.
---------------------------------------------------------------------------------------------------------------------------------------------
| Tool Version : Vivado v.2025.2 (lin64) Build 6299465 Fri Nov 14 12:34:56 MST 2025
| Date         : Mon May 18 15:24:07 2026
| Host         : alex-cattop running 64-bit Linux Mint 22.1
| Command      : report_drc -file top_drc_opted.rpt -pb top_drc_opted.pb -rpx top_drc_opted.rpx
| Design       : top
| Device       : xc7a100tcsg324-2
| Speed File   : -2
| Design State : Synthesized
---------------------------------------------------------------------------------------------------------------------------------------------

Report DRC

Table of Contents
-----------------
1. REPORT SUMMARY
2. REPORT DETAILS

1. REPORT SUMMARY
-----------------
            Netlist: netlist
          Floorplan: design_1
      Design limits: <entire design considered>
           Ruledeck: default
             Max checks: <unlimited>
             Checks found: 61
+-------------+----------+-------------------------------------------------------------+--------+
| Rule        | Severity | Description                                                 | Checks |
+-------------+----------+-------------------------------------------------------------+--------+
| CFGBVS-1    | Warning  | Missing CFGBVS and CONFIG_VOLTAGE Design Properties         | 1      |
| CHECK-3     | Warning  | Report rule limit reached                                   | 1      |
| DPIP-1      | Warning  | Input pipelining                                            | 1      |
| LUTLP-2     | Warning  | Combinatorial Loop Allowed                                  | 16     |
| PLHOLDVIO-2 | Warning  | Non-Optimal connections which could lead to hold violations | 2      |
| REQP-1577   | Warning  | Clock output buffering                                      | 1      |
| REQP-1839   | Warning  | RAMB36 async control check                                  | 20     |
| REQP-1840   | Warning  | RAMB18 async control check                                  | 10     |
| RPBF-3      | Warning  | IO port buffering is incomplete                             | 9      |
+-------------+----------+-------------------------------------------------------------+--------+

2. REPORT DETAILS
-----------------
CFGBVS-1#1 Warning
Missing CFGBVS and CONFIG_VOLTAGE Design Properties  
Neither the CFGBVS nor CONFIG_VOLTAGE voltage property is set in the current_design.  Configuration bank voltage select (CFGBVS) must be set to VCCO or GND, and CONFIG_VOLTAGE must be set to the correct configuration voltage, in order to determine the I/O voltage support for the pins in bank 0.  It is suggested to specify these either using the 'Edit Device Properties' function in the GUI or directly in the XDC file using the following syntax:

 set_property CFGBVS value1 [current_design]
 #where value1 is either VCCO or GND

 set_property CONFIG_VOLTAGE value2 [current_design]
 #where value2 is the voltage provided to configuration bank 0

Refer to the device configuration user guide for more information.
Related violations: <none>

CHECK-3#1 Warning
Report rule limit reached  
REQP-1839 rule limit reached: 20 violations have been found.
Related violations: <none>

DPIP-1#1 Warning
Input pipelining  
DSP lisa_hdmi_output/word_index_reg input lisa_hdmi_output/word_index_reg/B[17:0] is not pipelined. Pipelining DSP48 input will improve performance.
Related violations: <none>

LUTLP-2#1 Warning
Combinatorial Loop Allowed  
2 LUT cells form a combinatorial loop. This can create a race condition. Timing analysis may not be accurate. The preferred resolution is to modify the design to remove combinatorial logic loops. This loop has been identified in the constraints as being known and understood by use of the ALLOW_COMBINATORIAL_LOOPS property on a net in the loop. The cells in the loop are: cpu_board/BD_out[8]_INST_0, cpu_board_i_10.
Related violations: <none>

LUTLP-2#2 Warning
Combinatorial Loop Allowed  
2 LUT cells form a combinatorial loop. This can create a race condition. Timing analysis may not be accurate. The preferred resolution is to modify the design to remove combinatorial logic loops. This loop has been identified in the constraints as being known and understood by use of the ALLOW_COMBINATORIAL_LOOPS property on a net in the loop. The cells in the loop are: cpu_board/BD_out[9]_INST_0, cpu_board_i_9.
Related violations: <none>

LUTLP-2#3 Warning
Combinatorial Loop Allowed  
4 LUT cells form a combinatorial loop. This can create a race condition. Timing analysis may not be accurate. The preferred resolution is to modify the design to remove combinatorial logic loops. This loop has been identified in the constraints as being known and understood by use of the ALLOW_COMBINATORIAL_LOOPS property on a net in the loop. The cells in the loop are: cpu_board/BD_out[10]_INST_0, cpu_board/BD_out[10]_INST_0_i_1,
cpu_board/BD_out[10]_INST_0_i_3, cpu_board_i_8.
Related violations: <none>

LUTLP-2#4 Warning
Combinatorial Loop Allowed  
4 LUT cells form a combinatorial loop. This can create a race condition. Timing analysis may not be accurate. The preferred resolution is to modify the design to remove combinatorial logic loops. This loop has been identified in the constraints as being known and understood by use of the ALLOW_COMBINATORIAL_LOOPS property on a net in the loop. The cells in the loop are: cpu_board/BD_out[11]_INST_0, cpu_board/BD_out[11]_INST_0_i_1,
cpu_board/BD_out[11]_INST_0_i_3, cpu_board_i_7.
Related violations: <none>

LUTLP-2#5 Warning
Combinatorial Loop Allowed  
4 LUT cells form a combinatorial loop. This can create a race condition. Timing analysis may not be accurate. The preferred resolution is to modify the design to remove combinatorial logic loops. This loop has been identified in the constraints as being known and understood by use of the ALLOW_COMBINATORIAL_LOOPS property on a net in the loop. The cells in the loop are: cpu_board/BD_out[12]_INST_0, cpu_board/BD_out[12]_INST_0_i_1,
cpu_board/BD_out[12]_INST_0_i_3, cpu_board_i_6.
Related violations: <none>

LUTLP-2#6 Warning
Combinatorial Loop Allowed  
4 LUT cells form a combinatorial loop. This can create a race condition. Timing analysis may not be accurate. The preferred resolution is to modify the design to remove combinatorial logic loops. This loop has been identified in the constraints as being known and understood by use of the ALLOW_COMBINATORIAL_LOOPS property on a net in the loop. The cells in the loop are: cpu_board/BD_out[13]_INST_0, cpu_board/BD_out[13]_INST_0_i_1,
cpu_board/BD_out[13]_INST_0_i_3, cpu_board_i_5.
Related violations: <none>

LUTLP-2#7 Warning
Combinatorial Loop Allowed  
4 LUT cells form a combinatorial loop. This can create a race condition. Timing analysis may not be accurate. The preferred resolution is to modify the design to remove combinatorial logic loops. This loop has been identified in the constraints as being known and understood by use of the ALLOW_COMBINATORIAL_LOOPS property on a net in the loop. The cells in the loop are: cpu_board/BD_out[14]_INST_0, cpu_board/BD_out[14]_INST_0_i_1,
cpu_board/BD_out[14]_INST_0_i_3, cpu_board_i_4.
Related violations: <none>

LUTLP-2#8 Warning
Combinatorial Loop Allowed  
4 LUT cells form a combinatorial loop. This can create a race condition. Timing analysis may not be accurate. The preferred resolution is to modify the design to remove combinatorial logic loops. This loop has been identified in the constraints as being known and understood by use of the ALLOW_COMBINATORIAL_LOOPS property on a net in the loop. The cells in the loop are: cpu_board/BD_out[15]_INST_0, cpu_board/BD_out[15]_INST_0_i_1,
cpu_board/BD_out[15]_INST_0_i_3, cpu_board_i_3.
Related violations: <none>

LUTLP-2#9 Warning
Combinatorial Loop Allowed  
5 LUT cells form a combinatorial loop. This can create a race condition. Timing analysis may not be accurate. The preferred resolution is to modify the design to remove combinatorial logic loops. This loop has been identified in the constraints as being known and understood by use of the ALLOW_COMBINATORIAL_LOOPS property on a net in the loop. The cells in the loop are: cpu_board/BD_out[5]_INST_0, io_board/FDC_state_shiftreg/cpu_board_i_13,
io_board/FDC_state_shiftreg/cpu_board_i_33,
io_board/kbd_via/genblk4[5].SCC_DBuf_i_1
io_board/kbd_via/genblk4[5].SCC_DBuf_i_2.
Related violations: <none>

LUTLP-2#10 Warning
Combinatorial Loop Allowed  
5 LUT cells form a combinatorial loop. This can create a race condition. Timing analysis may not be accurate. The preferred resolution is to modify the design to remove combinatorial logic loops. This loop has been identified in the constraints as being known and understood by use of the ALLOW_COMBINATORIAL_LOOPS property on a net in the loop. The cells in the loop are: cpu_board/BD_out[6]_INST_0, io_board/FDC_state_shiftreg/cpu_board_i_12,
io_board/FDC_state_shiftreg/cpu_board_i_32,
io_board/kbd_via/genblk4[6].SCC_DBuf_i_1
io_board/kbd_via/genblk4[6].SCC_DBuf_i_2.
Related violations: <none>

LUTLP-2#11 Warning
Combinatorial Loop Allowed  
6 LUT cells form a combinatorial loop. This can create a race condition. Timing analysis may not be accurate. The preferred resolution is to modify the design to remove combinatorial logic loops. This loop has been identified in the constraints as being known and understood by use of the ALLOW_COMBINATORIAL_LOOPS property on a net in the loop. The cells in the loop are: cpu_board/BD_out[4]_INST_0, cpu_board/BD_out[4]_INST_0_i_1,
io_board/FDC_state_shiftreg/cpu_board_i_14,
io_board/FDC_state_shiftreg/cpu_board_i_34,
io_board/kbd_via/genblk4[4].SCC_DBuf_i_1
io_board/kbd_via/genblk4[4].SCC_DBuf_i_2.
Related violations: <none>

LUTLP-2#12 Warning
Combinatorial Loop Allowed  
7 LUT cells form a combinatorial loop. This can create a race condition. Timing analysis may not be accurate. The preferred resolution is to modify the design to remove combinatorial logic loops. This loop has been identified in the constraints as being known and understood by use of the ALLOW_COMBINATORIAL_LOOPS property on a net in the loop. The cells in the loop are: cpu_board/BD_out[0]_INST_0, cpu_board/BD_out[0]_INST_0_i_1,
cpu_board/BD_out[0]_INST_0_i_3, io_board/FDC_state_shiftreg/cpu_board_i_18,
io_board/FDC_state_shiftreg/cpu_board_i_38,
io_board/kbd_via/genblk4[0].SCC_DBuf_i_1
io_board/kbd_via/genblk4[0].SCC_DBuf_i_7.
Related violations: <none>

LUTLP-2#13 Warning
Combinatorial Loop Allowed  
7 LUT cells form a combinatorial loop. This can create a race condition. Timing analysis may not be accurate. The preferred resolution is to modify the design to remove combinatorial logic loops. This loop has been identified in the constraints as being known and understood by use of the ALLOW_COMBINATORIAL_LOOPS property on a net in the loop. The cells in the loop are: cpu_board/BD_out[1]_INST_0, cpu_board/BD_out[1]_INST_0_i_1,
cpu_board/BD_out[1]_INST_0_i_3, io_board/FDC_state_shiftreg/cpu_board_i_17,
io_board/FDC_state_shiftreg/cpu_board_i_37,
io_board/kbd_via/genblk4[1].SCC_DBuf_i_1
io_board/kbd_via/genblk4[1].SCC_DBuf_i_2.
Related violations: <none>

LUTLP-2#14 Warning
Combinatorial Loop Allowed  
7 LUT cells form a combinatorial loop. This can create a race condition. Timing analysis may not be accurate. The preferred resolution is to modify the design to remove combinatorial logic loops. This loop has been identified in the constraints as being known and understood by use of the ALLOW_COMBINATORIAL_LOOPS property on a net in the loop. The cells in the loop are: cpu_board/BD_out[2]_INST_0, cpu_board/BD_out[2]_INST_0_i_1,
cpu_board/BD_out[2]_INST_0_i_3, io_board/FDC_state_shiftreg/cpu_board_i_16,
io_board/FDC_state_shiftreg/cpu_board_i_36,
io_board/kbd_via/genblk4[2].SCC_DBuf_i_1
io_board/kbd_via/genblk4[2].SCC_DBuf_i_2.
Related violations: <none>

LUTLP-2#15 Warning
Combinatorial Loop Allowed  
7 LUT cells form a combinatorial loop. This can create a race condition. Timing analysis may not be accurate. The preferred resolution is to modify the design to remove combinatorial logic loops. This loop has been identified in the constraints as being known and understood by use of the ALLOW_COMBINATORIAL_LOOPS property on a net in the loop. The cells in the loop are: cpu_board/BD_out[3]_INST_0, cpu_board/BD_out[3]_INST_0_i_1,
cpu_board/BD_out[3]_INST_0_i_3, io_board/FDC_state_shiftreg/cpu_board_i_15,
io_board/FDC_state_shiftreg/cpu_board_i_35,
io_board/kbd_via/genblk4[3].SCC_DBuf_i_1
io_board/kbd_via/genblk4[3].SCC_DBuf_i_2.
Related violations: <none>

LUTLP-2#16 Warning
Combinatorial Loop Allowed  
7 LUT cells form a combinatorial loop. This can create a race condition. Timing analysis may not be accurate. The preferred resolution is to modify the design to remove combinatorial logic loops. This loop has been identified in the constraints as being known and understood by use of the ALLOW_COMBINATORIAL_LOOPS property on a net in the loop. The cells in the loop are: cpu_board/BD_out[7]_INST_0, cpu_board/BD_out[7]_INST_0_i_1,
cpu_board/BD_out[7]_INST_0_i_3, io_board/FDC_state_shiftreg/cpu_board_i_11,
io_board/FDC_state_shiftreg/cpu_board_i_31,
io_board/kbd_via/genblk4[7].SCC_DBuf_i_1
io_board/kbd_via/genblk4[7].SCC_DBuf_i_2.
Related violations: <none>

PLHOLDVIO-2#1 Warning
Non-Optimal connections which could lead to hold violations  
A LUT cpu_board/M68K_i_3 is driving clock pin of 3 cells. This could lead to large hold time violations. Involved cells are:
cpu_board/M68K/Center_Edge_Pulse_reg, cpu_board/M68K/E_NegClkEn_reg
cpu_board/M68K/E_PosClkEn_reg
Related violations: <none>

PLHOLDVIO-2#2 Warning
Non-Optimal connections which could lead to hold violations  
A LUT io_board/cpu_board_i_20 is driving clock pin of 1 cells. This could lead to large hold time violations. Involved cells are:
cpu_board/DTACK_latch_reg
Related violations: <none>

REQP-1577#1 Warning
Clock output buffering  
MMCME2_ADV connectivity violation. The signal lisa_hdmi_output/hdmi_clock_generator/inst/clk_pixel_1080p30 on the lisa_hdmi_output/hdmi_clock_generator/inst/mmcm_adv_inst/CLKOUT3 pin of lisa_hdmi_output/hdmi_clock_generator/inst/mmcm_adv_inst does not drive the same kind of BUFFER load as the other CLKOUT pins. Routing from the different buffer types will not be phase aligned.
Related violations: <none>

REQP-1839#1 Warning
RAMB36 async control check  
The RAMB36E1 io_board/MA_reg_rep has an input control pin io_board/MA_reg_rep/ADDRARDADDR[14] (net: io_board/MA_unlatched[11]) which is driven by a register (io_board/FDC_6504/state_reg[0]) that has an active asychronous set or reset. This may cause corruption of the memory contents and/or read values when the set/reset is asserted and is not analyzed by the default static timing analysis. It is suggested to eliminate the use of a set/reset to registers driving this RAMB pin or else use a synchronous reset in which the assertion of the reset is timed by default.
Related violations: <none>

REQP-1839#2 Warning
RAMB36 async control check  
The RAMB36E1 io_board/MA_reg_rep has an input control pin io_board/MA_reg_rep/ADDRARDADDR[14] (net: io_board/MA_unlatched[11]) which is driven by a register (io_board/FDC_6504/state_reg[1]) that has an active asychronous set or reset. This may cause corruption of the memory contents and/or read values when the set/reset is asserted and is not analyzed by the default static timing analysis. It is suggested to eliminate the use of a set/reset to registers driving this RAMB pin or else use a synchronous reset in which the assertion of the reset is timed by default.
Related violations: <none>

REQP-1839#3 Warning
RAMB36 async control check  
The RAMB36E1 io_board/MA_reg_rep has an input control pin io_board/MA_reg_rep/ADDRARDADDR[14] (net: io_board/MA_unlatched[11]) which is driven by a register (io_board/FDC_6504/state_reg[2]) that has an active asychronous set or reset. This may cause corruption of the memory contents and/or read values when the set/reset is asserted and is not analyzed by the default static timing analysis. It is suggested to eliminate the use of a set/reset to registers driving this RAMB pin or else use a synchronous reset in which the assertion of the reset is timed by default.
Related violations: <none>

REQP-1839#4 Warning
RAMB36 async control check  
The RAMB36E1 io_board/MA_reg_rep has an input control pin io_board/MA_reg_rep/ADDRARDADDR[14] (net: io_board/MA_unlatched[11]) which is driven by a register (io_board/FDC_6504/state_reg[3]) that has an active asychronous set or reset. This may cause corruption of the memory contents and/or read values when the set/reset is asserted and is not analyzed by the default static timing analysis. It is suggested to eliminate the use of a set/reset to registers driving this RAMB pin or else use a synchronous reset in which the assertion of the reset is timed by default.
Related violations: <none>

REQP-1839#5 Warning
RAMB36 async control check  
The RAMB36E1 lisa_hdmi_output/lisa_framebuffer_reg_0_0 has an input control pin lisa_hdmi_output/lisa_framebuffer_reg_0_0/WEA[0] (net: lisa_hdmi_output/lisa_framebuffer[0]) which is driven by a register (cpu_board/vid_addr_counter_reg[14]) that has an active asychronous set or reset. This may cause corruption of the memory contents and/or read values when the set/reset is asserted and is not analyzed by the default static timing analysis. It is suggested to eliminate the use of a set/reset to registers driving this RAMB pin or else use a synchronous reset in which the assertion of the reset is timed by default.
Related violations: <none>

REQP-1839#6 Warning
RAMB36 async control check  
The RAMB36E1 lisa_hdmi_output/lisa_framebuffer_reg_0_1 has an input control pin lisa_hdmi_output/lisa_framebuffer_reg_0_1/WEA[0] (net: lisa_hdmi_output/lisa_framebuffer[0]) which is driven by a register (cpu_board/vid_addr_counter_reg[14]) that has an active asychronous set or reset. This may cause corruption of the memory contents and/or read values when the set/reset is asserted and is not analyzed by the default static timing analysis. It is suggested to eliminate the use of a set/reset to registers driving this RAMB pin or else use a synchronous reset in which the assertion of the reset is timed by default.
Related violations: <none>

REQP-1839#7 Warning
RAMB36 async control check  
The RAMB36E1 lisa_hdmi_output/lisa_framebuffer_reg_0_2 has an input control pin lisa_hdmi_output/lisa_framebuffer_reg_0_2/WEA[0] (net: lisa_hdmi_output/lisa_framebuffer[0]) which is driven by a register (cpu_board/vid_addr_counter_reg[14]) that has an active asychronous set or reset. This may cause corruption of the memory contents and/or read values when the set/reset is asserted and is not analyzed by the default static timing analysis. It is suggested to eliminate the use of a set/reset to registers driving this RAMB pin or else use a synchronous reset in which the assertion of the reset is timed by default.
Related violations: <none>

REQP-1839#8 Warning
RAMB36 async control check  
The RAMB36E1 lisa_hdmi_output/lisa_framebuffer_reg_0_3 has an input control pin lisa_hdmi_output/lisa_framebuffer_reg_0_3/WEA[0] (net: lisa_hdmi_output/lisa_framebuffer[0]) which is driven by a register (cpu_board/vid_addr_counter_reg[14]) that has an active asychronous set or reset. This may cause corruption of the memory contents and/or read values when the set/reset is asserted and is not analyzed by the default static timing analysis. It is suggested to eliminate the use of a set/reset to registers driving this RAMB pin or else use a synchronous reset in which the assertion of the reset is timed by default.
Related violations: <none>

REQP-1839#9 Warning
RAMB36 async control check  
The RAMB36E1 lisa_hdmi_output/lisa_framebuffer_reg_0_4 has an input control pin lisa_hdmi_output/lisa_framebuffer_reg_0_4/WEA[0] (net: lisa_hdmi_output/lisa_framebuffer_reg_0_4_i_1_n_0) which is driven by a register (cpu_board/vid_addr_counter_reg[14]) that has an active asychronous set or reset. This may cause corruption of the memory contents and/or read values when the set/reset is asserted and is not analyzed by the default static timing analysis. It is suggested to eliminate the use of a set/reset to registers driving this RAMB pin or else use a synchronous reset in which the assertion of the reset is timed by default.
Related violations: <none>

REQP-1839#10 Warning
RAMB36 async control check  
The RAMB36E1 lisa_hdmi_output/lisa_framebuffer_reg_0_5 has an input control pin lisa_hdmi_output/lisa_framebuffer_reg_0_5/WEA[0] (net: lisa_hdmi_output/lisa_framebuffer_reg_0_4_i_1_n_0) which is driven by a register (cpu_board/vid_addr_counter_reg[14]) that has an active asychronous set or reset. This may cause corruption of the memory contents and/or read values when the set/reset is asserted and is not analyzed by the default static timing analysis. It is suggested to eliminate the use of a set/reset to registers driving this RAMB pin or else use a synchronous reset in which the assertion of the reset is timed by default.
Related violations: <none>

REQP-1839#11 Warning
RAMB36 async control check  
The RAMB36E1 lisa_hdmi_output/lisa_framebuffer_reg_0_6 has an input control pin lisa_hdmi_output/lisa_framebuffer_reg_0_6/WEA[0] (net: lisa_hdmi_output/lisa_framebuffer_reg_0_4_i_1_n_0) which is driven by a register (cpu_board/vid_addr_counter_reg[14]) that has an active asychronous set or reset. This may cause corruption of the memory contents and/or read values when the set/reset is asserted and is not analyzed by the default static timing analysis. It is suggested to eliminate the use of a set/reset to registers driving this RAMB pin or else use a synchronous reset in which the assertion of the reset is timed by default.
Related violations: <none>

REQP-1839#12 Warning
RAMB36 async control check  
The RAMB36E1 lisa_hdmi_output/lisa_framebuffer_reg_0_7 has an input control pin lisa_hdmi_output/lisa_framebuffer_reg_0_7/WEA[0] (net: lisa_hdmi_output/lisa_framebuffer_reg_0_4_i_1_n_0) which is driven by a register (cpu_board/vid_addr_counter_reg[14]) that has an active asychronous set or reset. This may cause corruption of the memory contents and/or read values when the set/reset is asserted and is not analyzed by the default static timing analysis. It is suggested to eliminate the use of a set/reset to registers driving this RAMB pin or else use a synchronous reset in which the assertion of the reset is timed by default.
Related violations: <none>

REQP-1839#13 Warning
RAMB36 async control check  
The RAMB36E1 lisa_hdmi_output/lisa_framebuffer_reg_1_0 has an input control pin lisa_hdmi_output/lisa_framebuffer_reg_1_0/WEA[0] (net: lisa_hdmi_output/lisa_framebuffer[0]) which is driven by a register (cpu_board/vid_addr_counter_reg[14]) that has an active asychronous set or reset. This may cause corruption of the memory contents and/or read values when the set/reset is asserted and is not analyzed by the default static timing analysis. It is suggested to eliminate the use of a set/reset to registers driving this RAMB pin or else use a synchronous reset in which the assertion of the reset is timed by default.
Related violations: <none>

REQP-1839#14 Warning
RAMB36 async control check  
The RAMB36E1 lisa_hdmi_output/lisa_framebuffer_reg_1_1 has an input control pin lisa_hdmi_output/lisa_framebuffer_reg_1_1/WEA[0] (net: lisa_hdmi_output/lisa_framebuffer[0]) which is driven by a register (cpu_board/vid_addr_counter_reg[14]) that has an active asychronous set or reset. This may cause corruption of the memory contents and/or read values when the set/reset is asserted and is not analyzed by the default static timing analysis. It is suggested to eliminate the use of a set/reset to registers driving this RAMB pin or else use a synchronous reset in which the assertion of the reset is timed by default.
Related violations: <none>

REQP-1839#15 Warning
RAMB36 async control check  
The RAMB36E1 lisa_hdmi_output/lisa_framebuffer_reg_1_2 has an input control pin lisa_hdmi_output/lisa_framebuffer_reg_1_2/WEA[0] (net: lisa_hdmi_output/lisa_framebuffer[0]) which is driven by a register (cpu_board/vid_addr_counter_reg[14]) that has an active asychronous set or reset. This may cause corruption of the memory contents and/or read values when the set/reset is asserted and is not analyzed by the default static timing analysis. It is suggested to eliminate the use of a set/reset to registers driving this RAMB pin or else use a synchronous reset in which the assertion of the reset is timed by default.
Related violations: <none>

REQP-1839#16 Warning
RAMB36 async control check  
The RAMB36E1 lisa_hdmi_output/lisa_framebuffer_reg_1_3 has an input control pin lisa_hdmi_output/lisa_framebuffer_reg_1_3/WEA[0] (net: lisa_hdmi_output/lisa_framebuffer[0]) which is driven by a register (cpu_board/vid_addr_counter_reg[14]) that has an active asychronous set or reset. This may cause corruption of the memory contents and/or read values when the set/reset is asserted and is not analyzed by the default static timing analysis. It is suggested to eliminate the use of a set/reset to registers driving this RAMB pin or else use a synchronous reset in which the assertion of the reset is timed by default.
Related violations: <none>

REQP-1839#17 Warning
RAMB36 async control check  
The RAMB36E1 lisa_hdmi_output/lisa_framebuffer_reg_1_4 has an input control pin lisa_hdmi_output/lisa_framebuffer_reg_1_4/WEA[0] (net: lisa_hdmi_output/lisa_framebuffer_reg_0_4_i_1_n_0) which is driven by a register (cpu_board/vid_addr_counter_reg[14]) that has an active asychronous set or reset. This may cause corruption of the memory contents and/or read values when the set/reset is asserted and is not analyzed by the default static timing analysis. It is suggested to eliminate the use of a set/reset to registers driving this RAMB pin or else use a synchronous reset in which the assertion of the reset is timed by default.
Related violations: <none>

REQP-1839#18 Warning
RAMB36 async control check  
The RAMB36E1 lisa_hdmi_output/lisa_framebuffer_reg_1_5 has an input control pin lisa_hdmi_output/lisa_framebuffer_reg_1_5/WEA[0] (net: lisa_hdmi_output/lisa_framebuffer_reg_0_4_i_1_n_0) which is driven by a register (cpu_board/vid_addr_counter_reg[14]) that has an active asychronous set or reset. This may cause corruption of the memory contents and/or read values when the set/reset is asserted and is not analyzed by the default static timing analysis. It is suggested to eliminate the use of a set/reset to registers driving this RAMB pin or else use a synchronous reset in which the assertion of the reset is timed by default.
Related violations: <none>

REQP-1839#19 Warning
RAMB36 async control check  
The RAMB36E1 lisa_hdmi_output/lisa_framebuffer_reg_1_6 has an input control pin lisa_hdmi_output/lisa_framebuffer_reg_1_6/WEA[0] (net: lisa_hdmi_output/lisa_framebuffer_reg_0_4_i_1_n_0) which is driven by a register (cpu_board/vid_addr_counter_reg[14]) that has an active asychronous set or reset. This may cause corruption of the memory contents and/or read values when the set/reset is asserted and is not analyzed by the default static timing analysis. It is suggested to eliminate the use of a set/reset to registers driving this RAMB pin or else use a synchronous reset in which the assertion of the reset is timed by default.
Related violations: <none>

REQP-1839#20 Warning
RAMB36 async control check  
The RAMB36E1 lisa_hdmi_output/lisa_framebuffer_reg_1_7 has an input control pin lisa_hdmi_output/lisa_framebuffer_reg_1_7/WEA[0] (net: lisa_hdmi_output/lisa_framebuffer_reg_0_4_i_1_n_0) which is driven by a register (cpu_board/vid_addr_counter_reg[14]) that has an active asychronous set or reset. This may cause corruption of the memory contents and/or read values when the set/reset is asserted and is not analyzed by the default static timing analysis. It is suggested to eliminate the use of a set/reset to registers driving this RAMB pin or else use a synchronous reset in which the assertion of the reset is timed by default.
Related violations: <none>

REQP-1840#1 Warning
RAMB18 async control check  
The RAMB18E1 io_board/cop421/pmem_b/D_reg has an input control pin io_board/cop421/pmem_b/D_reg/ADDRARDADDR[10] (net: io_board/cop421/pmem_b/pm_addr_s[6]) which is driven by a register (io_board/cop421/core_b/pmem_ctrl_b/pc_q_reg[6]) that has an active asychronous set or reset. This may cause corruption of the memory contents and/or read values when the set/reset is asserted and is not analyzed by the default static timing analysis. It is suggested to eliminate the use of a set/reset to registers driving this RAMB pin or else use a synchronous reset in which the assertion of the reset is timed by default.
Related violations: <none>

REQP-1840#2 Warning
RAMB18 async control check  
The RAMB18E1 io_board/cop421/pmem_b/D_reg has an input control pin io_board/cop421/pmem_b/D_reg/ADDRARDADDR[11] (net: io_board/cop421/pmem_b/pm_addr_s[7]) which is driven by a register (io_board/cop421/core_b/pmem_ctrl_b/pc_q_reg[7]) that has an active asychronous set or reset. This may cause corruption of the memory contents and/or read values when the set/reset is asserted and is not analyzed by the default static timing analysis. It is suggested to eliminate the use of a set/reset to registers driving this RAMB pin or else use a synchronous reset in which the assertion of the reset is timed by default.
Related violations: <none>

REQP-1840#3 Warning
RAMB18 async control check  
The RAMB18E1 io_board/cop421/pmem_b/D_reg has an input control pin io_board/cop421/pmem_b/D_reg/ADDRARDADDR[12] (net: io_board/cop421/pmem_b/pm_addr_s[8]) which is driven by a register (io_board/cop421/core_b/pmem_ctrl_b/pc_q_reg[8]) that has an active asychronous set or reset. This may cause corruption of the memory contents and/or read values when the set/reset is asserted and is not analyzed by the default static timing analysis. It is suggested to eliminate the use of a set/reset to registers driving this RAMB pin or else use a synchronous reset in which the assertion of the reset is timed by default.
Related violations: <none>

REQP-1840#4 Warning
RAMB18 async control check  
The RAMB18E1 io_board/cop421/pmem_b/D_reg has an input control pin io_board/cop421/pmem_b/D_reg/ADDRARDADDR[13] (net: io_board/cop421/pmem_b/pm_addr_s[9]) which is driven by a register (io_board/cop421/core_b/pmem_ctrl_b/pc_q_reg[9]) that has an active asychronous set or reset. This may cause corruption of the memory contents and/or read values when the set/reset is asserted and is not analyzed by the default static timing analysis. It is suggested to eliminate the use of a set/reset to registers driving this RAMB pin or else use a synchronous reset in which the assertion of the reset is timed by default.
Related violations: <none>

REQP-1840#5 Warning
RAMB18 async control check  
The RAMB18E1 io_board/cop421/pmem_b/D_reg has an input control pin io_board/cop421/pmem_b/D_reg/ADDRARDADDR[4] (net: io_board/cop421/pmem_b/pm_addr_s[0]) which is driven by a register (io_board/cop421/core_b/pmem_ctrl_b/pc_q_reg[0]) that has an active asychronous set or reset. This may cause corruption of the memory contents and/or read values when the set/reset is asserted and is not analyzed by the default static timing analysis. It is suggested to eliminate the use of a set/reset to registers driving this RAMB pin or else use a synchronous reset in which the assertion of the reset is timed by default.
Related violations: <none>

REQP-1840#6 Warning
RAMB18 async control check  
The RAMB18E1 io_board/cop421/pmem_b/D_reg has an input control pin io_board/cop421/pmem_b/D_reg/ADDRARDADDR[5] (net: io_board/cop421/pmem_b/pm_addr_s[1]) which is driven by a register (io_board/cop421/core_b/pmem_ctrl_b/pc_q_reg[1]) that has an active asychronous set or reset. This may cause corruption of the memory contents and/or read values when the set/reset is asserted and is not analyzed by the default static timing analysis. It is suggested to eliminate the use of a set/reset to registers driving this RAMB pin or else use a synchronous reset in which the assertion of the reset is timed by default.
Related violations: <none>

REQP-1840#7 Warning
RAMB18 async control check  
The RAMB18E1 io_board/cop421/pmem_b/D_reg has an input control pin io_board/cop421/pmem_b/D_reg/ADDRARDADDR[6] (net: io_board/cop421/pmem_b/pm_addr_s[2]) which is driven by a register (io_board/cop421/core_b/pmem_ctrl_b/pc_q_reg[2]) that has an active asychronous set or reset. This may cause corruption of the memory contents and/or read values when the set/reset is asserted and is not analyzed by the default static timing analysis. It is suggested to eliminate the use of a set/reset to registers driving this RAMB pin or else use a synchronous reset in which the assertion of the reset is timed by default.
Related violations: <none>

REQP-1840#8 Warning
RAMB18 async control check  
The RAMB18E1 io_board/cop421/pmem_b/D_reg has an input control pin io_board/cop421/pmem_b/D_reg/ADDRARDADDR[7] (net: io_board/cop421/pmem_b/pm_addr_s[3]) which is driven by a register (io_board/cop421/core_b/pmem_ctrl_b/pc_q_reg[3]) that has an active asychronous set or reset. This may cause corruption of the memory contents and/or read values when the set/reset is asserted and is not analyzed by the default static timing analysis. It is suggested to eliminate the use of a set/reset to registers driving this RAMB pin or else use a synchronous reset in which the assertion of the reset is timed by default.
Related violations: <none>

REQP-1840#9 Warning
RAMB18 async control check  
The RAMB18E1 io_board/cop421/pmem_b/D_reg has an input control pin io_board/cop421/pmem_b/D_reg/ADDRARDADDR[8] (net: io_board/cop421/pmem_b/pm_addr_s[4]) which is driven by a register (io_board/cop421/core_b/pmem_ctrl_b/pc_q_reg[4]) that has an active asychronous set or reset. This may cause corruption of the memory contents and/or read values when the set/reset is asserted and is not analyzed by the default static timing analysis. It is suggested to eliminate the use of a set/reset to registers driving this RAMB pin or else use a synchronous reset in which the assertion of the reset is timed by default.
Related violations: <none>

REQP-1840#10 Warning
RAMB18 async control check  
The RAMB18E1 io_board/cop421/pmem_b/D_reg has an input control pin io_board/cop421/pmem_b/D_reg/ADDRARDADDR[9] (net: io_board/cop421/pmem_b/pm_addr_s[5]) which is driven by a register (io_board/cop421/core_b/pmem_ctrl_b/pc_q_reg[5]) that has an active asychronous set or reset. This may cause corruption of the memory contents and/or read values when the set/reset is asserted and is not analyzed by the default static timing analysis. It is suggested to eliminate the use of a set/reset to registers driving this RAMB pin or else use a synchronous reset in which the assertion of the reset is timed by default.
Related violations: <none>

RPBF-3#1 Warning
IO port buffering is incomplete  
Device port ESFLOPPY_COMM_BUS[0] expects both input and output buffering but the buffers are incomplete.
Related violations: <none>

RPBF-3#2 Warning
IO port buffering is incomplete  
Device port ESFLOPPY_COMM_BUS[1] expects both input and output buffering but the buffers are incomplete.
Related violations: <none>

RPBF-3#3 Warning
IO port buffering is incomplete  
Device port ESFLOPPY_COMM_BUS[2] expects both input and output buffering but the buffers are incomplete.
Related violations: <none>

RPBF-3#4 Warning
IO port buffering is incomplete  
Device port ESFLOPPY_COMM_BUS[3] expects both input and output buffering but the buffers are incomplete.
Related violations: <none>

RPBF-3#5 Warning
IO port buffering is incomplete  
Device port ESFLOPPY_COMM_BUS[4] expects both input and output buffering but the buffers are incomplete.
Related violations: <none>

RPBF-3#6 Warning
IO port buffering is incomplete  
Device port ESFLOPPY_COMM_BUS[5] expects both input and output buffering but the buffers are incomplete.
Related violations: <none>

RPBF-3#7 Warning
IO port buffering is incomplete  
Device port ESPROFILE_COMM_BUS[0] expects both input and output buffering but the buffers are incomplete.
Related violations: <none>

RPBF-3#8 Warning
IO port buffering is incomplete  
Device port ESPROFILE_COMM_BUS[1] expects both input and output buffering but the buffers are incomplete.
Related violations: <none>

RPBF-3#9 Warning
IO port buffering is incomplete  
Device port ESPROFILE_COMM_BUS[2] expects both input and output buffering but the buffers are incomplete.
Related violations: <none>


